Analysis & Synthesis report for lcd-project2
Fri Oct 20 09:02:35 2017
Quartus II 64-Bit Version 13.0.1 Build 232 06/12/2013 Service Pack 1 SJ Web Edition


---------------------
; Table of Contents ;
---------------------
  1. Legal Notice
  2. Analysis & Synthesis Summary
  3. Analysis & Synthesis Settings
  4. Parallel Compilation
  5. Analysis & Synthesis Source Files Read
  6. Analysis & Synthesis Resource Usage Summary
  7. Analysis & Synthesis Resource Utilization by Entity
  8. State Machine - |main|lcd_driver:lcd|lcd_en_clk:en_clk|state
  9. Registers Removed During Synthesis
 10. General Register Statistics
 11. Inverted Register Statistics
 12. Multiplexer Restructuring Statistics (Restructuring Performed)
 13. Port Connectivity Checks: "rom:rom0"
 14. Port Connectivity Checks: "lcd_driver:lcd|lcd_en_clk:en_clk"
 15. Elapsed Time Per Partition
 16. Analysis & Synthesis Messages



----------------
; Legal Notice ;
----------------
Copyright (C) 1991-2013 Altera Corporation
Your use of Altera Corporation's design tools, logic functions 
and other software and tools, and its AMPP partner logic 
functions, and any output files from any of the foregoing 
(including device programming or simulation files), and any 
associated documentation or information are expressly subject 
to the terms and conditions of the Altera Program License 
Subscription Agreement, Altera MegaCore Function License 
Agreement, or other applicable license agreement, including, 
without limitation, that your use is for the sole purpose of 
programming logic devices manufactured by Altera and sold by 
Altera or its authorized distributors.  Please refer to the 
applicable agreement for further details.



+--------------------------------------------------------------------------------------+
; Analysis & Synthesis Summary                                                         ;
+------------------------------------+-------------------------------------------------+
; Analysis & Synthesis Status        ; Successful - Fri Oct 20 09:02:35 2017           ;
; Quartus II 64-Bit Version          ; 13.0.1 Build 232 06/12/2013 SP 1 SJ Web Edition ;
; Revision Name                      ; lcd-project2                                    ;
; Top-level Entity Name              ; main                                            ;
; Family                             ; Cyclone II                                      ;
; Total logic elements               ; 104                                             ;
;     Total combinational functions  ; 99                                              ;
;     Dedicated logic registers      ; 54                                              ;
; Total registers                    ; 54                                              ;
; Total pins                         ; 15                                              ;
; Total virtual pins                 ; 0                                               ;
; Total memory bits                  ; 0                                               ;
; Embedded Multiplier 9-bit elements ; 0                                               ;
; Total PLLs                         ; 0                                               ;
+------------------------------------+-------------------------------------------------+


+----------------------------------------------------------------------------------------------------------------------+
; Analysis & Synthesis Settings                                                                                        ;
+----------------------------------------------------------------------------+--------------------+--------------------+
; Option                                                                     ; Setting            ; Default Value      ;
+----------------------------------------------------------------------------+--------------------+--------------------+
; Device                                                                     ; EP2C70F896C6       ;                    ;
; Top-level entity name                                                      ; main               ; lcd-project2       ;
; Family name                                                                ; Cyclone II         ; Cyclone IV GX      ;
; Use smart compilation                                                      ; Off                ; Off                ;
; Enable parallel Assembler and TimeQuest Timing Analyzer during compilation ; On                 ; On                 ;
; Enable compact report table                                                ; Off                ; Off                ;
; Restructure Multiplexers                                                   ; Auto               ; Auto               ;
; Create Debugging Nodes for IP Cores                                        ; Off                ; Off                ;
; Preserve fewer node names                                                  ; On                 ; On                 ;
; Disable OpenCore Plus hardware evaluation                                  ; Off                ; Off                ;
; Verilog Version                                                            ; Verilog_2001       ; Verilog_2001       ;
; VHDL Version                                                               ; VHDL_1993          ; VHDL_1993          ;
; State Machine Processing                                                   ; Auto               ; Auto               ;
; Safe State Machine                                                         ; Off                ; Off                ;
; Extract Verilog State Machines                                             ; On                 ; On                 ;
; Extract VHDL State Machines                                                ; On                 ; On                 ;
; Ignore Verilog initial constructs                                          ; Off                ; Off                ;
; Iteration limit for constant Verilog loops                                 ; 5000               ; 5000               ;
; Iteration limit for non-constant Verilog loops                             ; 250                ; 250                ;
; Add Pass-Through Logic to Inferred RAMs                                    ; On                 ; On                 ;
; Infer RAMs from Raw Logic                                                  ; On                 ; On                 ;
; Parallel Synthesis                                                         ; On                 ; On                 ;
; DSP Block Balancing                                                        ; Auto               ; Auto               ;
; NOT Gate Push-Back                                                         ; On                 ; On                 ;
; Power-Up Don't Care                                                        ; On                 ; On                 ;
; Remove Redundant Logic Cells                                               ; Off                ; Off                ;
; Remove Duplicate Registers                                                 ; On                 ; On                 ;
; Ignore CARRY Buffers                                                       ; Off                ; Off                ;
; Ignore CASCADE Buffers                                                     ; Off                ; Off                ;
; Ignore GLOBAL Buffers                                                      ; Off                ; Off                ;
; Ignore ROW GLOBAL Buffers                                                  ; Off                ; Off                ;
; Ignore LCELL Buffers                                                       ; Off                ; Off                ;
; Ignore SOFT Buffers                                                        ; On                 ; On                 ;
; Limit AHDL Integers to 32 Bits                                             ; Off                ; Off                ;
; Optimization Technique                                                     ; Balanced           ; Balanced           ;
; Carry Chain Length                                                         ; 70                 ; 70                 ;
; Auto Carry Chains                                                          ; On                 ; On                 ;
; Auto Open-Drain Pins                                                       ; On                 ; On                 ;
; Perform WYSIWYG Primitive Resynthesis                                      ; Off                ; Off                ;
; Auto ROM Replacement                                                       ; On                 ; On                 ;
; Auto RAM Replacement                                                       ; On                 ; On                 ;
; Auto Shift Register Replacement                                            ; Auto               ; Auto               ;
; Allow Shift Register Merging across Hierarchies                            ; Auto               ; Auto               ;
; Auto Clock Enable Replacement                                              ; On                 ; On                 ;
; Strict RAM Replacement                                                     ; Off                ; Off                ;
; Allow Synchronous Control Signals                                          ; On                 ; On                 ;
; Force Use of Synchronous Clear Signals                                     ; Off                ; Off                ;
; Auto RAM to Logic Cell Conversion                                          ; Off                ; Off                ;
; Auto Resource Sharing                                                      ; Off                ; Off                ;
; Allow Any RAM Size For Recognition                                         ; Off                ; Off                ;
; Allow Any ROM Size For Recognition                                         ; Off                ; Off                ;
; Allow Any Shift Register Size For Recognition                              ; Off                ; Off                ;
; Use LogicLock Constraints during Resource Balancing                        ; On                 ; On                 ;
; Ignore translate_off and synthesis_off directives                          ; Off                ; Off                ;
; Timing-Driven Synthesis                                                    ; Off                ; Off                ;
; Report Parameter Settings                                                  ; On                 ; On                 ;
; Report Source Assignments                                                  ; On                 ; On                 ;
; Report Connectivity Checks                                                 ; On                 ; On                 ;
; Ignore Maximum Fan-Out Assignments                                         ; Off                ; Off                ;
; Synchronization Register Chain Length                                      ; 2                  ; 2                  ;
; PowerPlay Power Optimization                                               ; Normal compilation ; Normal compilation ;
; HDL message level                                                          ; Level2             ; Level2             ;
; Suppress Register Optimization Related Messages                            ; Off                ; Off                ;
; Number of Removed Registers Reported in Synthesis Report                   ; 5000               ; 5000               ;
; Number of Swept Nodes Reported in Synthesis Report                         ; 5000               ; 5000               ;
; Number of Inverted Registers Reported in Synthesis Report                  ; 100                ; 100                ;
; Clock MUX Protection                                                       ; On                 ; On                 ;
; Auto Gated Clock Conversion                                                ; Off                ; Off                ;
; Block Design Naming                                                        ; Auto               ; Auto               ;
; SDC constraint protection                                                  ; Off                ; Off                ;
; Synthesis Effort                                                           ; Auto               ; Auto               ;
; Shift Register Replacement - Allow Asynchronous Clear Signal               ; On                 ; On                 ;
; Pre-Mapping Resynthesis Optimization                                       ; Off                ; Off                ;
; Analysis & Synthesis Message Level                                         ; Medium             ; Medium             ;
; Disable Register Merging Across Hierarchies                                ; Auto               ; Auto               ;
; Resource Aware Inference For Block RAM                                     ; On                 ; On                 ;
; Synthesis Seed                                                             ; 1                  ; 1                  ;
+----------------------------------------------------------------------------+--------------------+--------------------+


Parallel compilation was disabled, but you have multiple processors available. Enable parallel compilation to reduce compilation time.
+-------------------------------------+
; Parallel Compilation                ;
+----------------------------+--------+
; Processors                 ; Number ;
+----------------------------+--------+
; Number detected on machine ; 8      ;
; Maximum allowed            ; 1      ;
+----------------------------+--------+


+----------------------------------------------------------------------------------------------------------------------------------------------------+
; Analysis & Synthesis Source Files Read                                                                                                             ;
+----------------------------------+-----------------+------------------------------+------------------------------------------------------+---------+
; File Name with User-Entered Path ; Used in Netlist ; File Type                    ; File Name with Absolute Path                         ; Library ;
+----------------------------------+-----------------+------------------------------+------------------------------------------------------+---------+
; main.sv                          ; yes             ; User SystemVerilog HDL File  ; C:/Users/Elias g/projects/lcd-project2/main.sv       ;         ;
; lcd_driver.sv                    ; yes             ; User SystemVerilog HDL File  ; C:/Users/Elias g/projects/lcd-project2/lcd_driver.sv ;         ;
; lcd_en_clk.sv                    ; yes             ; User SystemVerilog HDL File  ; C:/Users/Elias g/projects/lcd-project2/lcd_en_clk.sv ;         ;
; rom.sv                           ; yes             ; User SystemVerilog HDL File  ; C:/Users/Elias g/projects/lcd-project2/rom.sv        ;         ;
+----------------------------------+-----------------+------------------------------+------------------------------------------------------+---------+


+-----------------------------------------------------------------------------------+
; Analysis & Synthesis Resource Usage Summary                                       ;
+---------------------------------------------+-------------------------------------+
; Resource                                    ; Usage                               ;
+---------------------------------------------+-------------------------------------+
; Estimated Total logic elements              ; 104                                 ;
;                                             ;                                     ;
; Total combinational functions               ; 99                                  ;
; Logic element usage by number of LUT inputs ;                                     ;
;     -- 4 input functions                    ; 50                                  ;
;     -- 3 input functions                    ; 8                                   ;
;     -- <=2 input functions                  ; 41                                  ;
;                                             ;                                     ;
; Logic elements by mode                      ;                                     ;
;     -- normal mode                          ; 70                                  ;
;     -- arithmetic mode                      ; 29                                  ;
;                                             ;                                     ;
; Total registers                             ; 54                                  ;
;     -- Dedicated logic registers            ; 54                                  ;
;     -- I/O registers                        ; 0                                   ;
;                                             ;                                     ;
; I/O pins                                    ; 15                                  ;
; Embedded Multiplier 9-bit elements          ; 0                                   ;
; Maximum fan-out node                        ; lcd_driver:lcd|lcd_en_clk:en_clk|en ;
; Maximum fan-out                             ; 29                                  ;
; Total fan-out                               ; 488                                 ;
; Average fan-out                             ; 2.90                                ;
+---------------------------------------------+-------------------------------------+


+------------------------------------------------------------------------------------------------------------------------------------------------------------------------------------------------+
; Analysis & Synthesis Resource Utilization by Entity                                                                                                                                            ;
+----------------------------+-------------------+--------------+-------------+--------------+---------+-----------+------+--------------+----------------------------------------+--------------+
; Compilation Hierarchy Node ; LC Combinationals ; LC Registers ; Memory Bits ; DSP Elements ; DSP 9x9 ; DSP 18x18 ; Pins ; Virtual Pins ; Full Hierarchy Name                    ; Library Name ;
+----------------------------+-------------------+--------------+-------------+--------------+---------+-----------+------+--------------+----------------------------------------+--------------+
; |main                      ; 99 (6)            ; 54 (6)       ; 0           ; 0            ; 0       ; 0         ; 15   ; 0            ; |main                                  ; work         ;
;    |lcd_driver:lcd|        ; 89 (52)           ; 48 (25)      ; 0           ; 0            ; 0       ; 0         ; 0    ; 0            ; |main|lcd_driver:lcd                   ; work         ;
;       |lcd_en_clk:en_clk|  ; 37 (37)           ; 23 (23)      ; 0           ; 0            ; 0       ; 0         ; 0    ; 0            ; |main|lcd_driver:lcd|lcd_en_clk:en_clk ; work         ;
;    |rom:rom0|              ; 4 (4)             ; 0 (0)        ; 0           ; 0            ; 0       ; 0         ; 0    ; 0            ; |main|rom:rom0                         ; work         ;
+----------------------------+-------------------+--------------+-------------+--------------+---------+-----------+------+--------------+----------------------------------------+--------------+
Note: For table entries with two numbers listed, the numbers in parentheses indicate the number of resources of the given type used by the specific entity alone. The numbers listed outside of parentheses indicate the total resources of the given type used by the specific entity and all of its sub-entities in the hierarchy.


Encoding Type:  One-Hot
+-------------------------------------------------------------------------------------------------------------+
; State Machine - |main|lcd_driver:lcd|lcd_en_clk:en_clk|state                                                ;
+-----------------+-----------------+----------------+------------+-----------------+------------+------------+
; Name            ; state.rst_cnt_1 ; state.MID_HIGH ; state.EN_1 ; state.rst_cnt_0 ; state.EN_0 ; state.IDLE ;
+-----------------+-----------------+----------------+------------+-----------------+------------+------------+
; state.IDLE      ; 0               ; 0              ; 0          ; 0               ; 0          ; 0          ;
; state.EN_0      ; 0               ; 0              ; 0          ; 0               ; 1          ; 1          ;
; state.rst_cnt_0 ; 0               ; 0              ; 0          ; 1               ; 0          ; 1          ;
; state.EN_1      ; 0               ; 0              ; 1          ; 0               ; 0          ; 1          ;
; state.MID_HIGH  ; 0               ; 1              ; 0          ; 0               ; 0          ; 1          ;
; state.rst_cnt_1 ; 1               ; 0              ; 0          ; 0               ; 0          ; 1          ;
+-----------------+-----------------+----------------+------------+-----------------+------------+------------+


+---------------------------------------------------------------+
; Registers Removed During Synthesis                            ;
+------------------------------------------+--------------------+
; Register name                            ; Reason for Removal ;
+------------------------------------------+--------------------+
; lcd_driver:lcd|lcd_en_clk:en_clk|state~2 ; Lost fanout        ;
; lcd_driver:lcd|lcd_en_clk:en_clk|state~3 ; Lost fanout        ;
; lcd_driver:lcd|lcd_en_clk:en_clk|state~4 ; Lost fanout        ;
; Total Number of Removed Registers = 3    ;                    ;
+------------------------------------------+--------------------+


+------------------------------------------------------+
; General Register Statistics                          ;
+----------------------------------------------+-------+
; Statistic                                    ; Value ;
+----------------------------------------------+-------+
; Total registers                              ; 54    ;
; Number of registers using Synchronous Clear  ; 35    ;
; Number of registers using Synchronous Load   ; 0     ;
; Number of registers using Asynchronous Clear ; 22    ;
; Number of registers using Asynchronous Load  ; 0     ;
; Number of registers using Clock Enable       ; 9     ;
; Number of registers using Preset             ; 0     ;
+----------------------------------------------+-------+


+--------------------------------------------------+
; Inverted Register Statistics                     ;
+----------------------------------------+---------+
; Inverted Register                      ; Fan out ;
+----------------------------------------+---------+
; lcd_driver:lcd|state~12                ; 6       ;
; Total number of inverted registers = 1 ;         ;
+----------------------------------------+---------+


+-----------------------------------------------------------------------------------------------------------------------------------------------------------------+
; Multiplexer Restructuring Statistics (Restructuring Performed)                                                                                                  ;
+--------------------+-----------+---------------+----------------------+------------------------+------------+---------------------------------------------------+
; Multiplexer Inputs ; Bus Width ; Baseline Area ; Area if Restructured ; Saving if Restructured ; Registered ; Example Multiplexer Output                        ;
+--------------------+-----------+---------------+----------------------+------------------------+------------+---------------------------------------------------+
; 3:1                ; 17 bits   ; 34 LEs        ; 17 LEs               ; 17 LEs                 ; Yes        ; |main|lcd_driver:lcd|lcd_en_clk:en_clk|counter[6] ;
; 3:1                ; 9 bits    ; 18 LEs        ; 9 LEs                ; 9 LEs                  ; Yes        ; |main|lcd_driver:lcd|counter[0]                   ;
+--------------------+-----------+---------------+----------------------+------------------------+------------+---------------------------------------------------+


+-----------------------------------------------------------------------------------------------------------------------+
; Port Connectivity Checks: "rom:rom0"                                                                                  ;
+-------------+--------+----------+-------------------------------------------------------------------------------------+
; Port        ; Type   ; Severity ; Details                                                                             ;
+-------------+--------+----------+-------------------------------------------------------------------------------------+
; data[31..8] ; Output ; Info     ; Connected to dangling logic. Logic that only feeds a dangling port will be removed. ;
+-------------+--------+----------+-------------------------------------------------------------------------------------+


+-----------------------------------------------------------------------------------------------------------------------+
; Port Connectivity Checks: "lcd_driver:lcd|lcd_en_clk:en_clk"                                                          ;
+-------------+--------+----------+-------------------------------------------------------------------------------------+
; Port        ; Type   ; Severity ; Details                                                                             ;
+-------------+--------+----------+-------------------------------------------------------------------------------------+
; in_mid_high ; Output ; Info     ; Connected to dangling logic. Logic that only feeds a dangling port will be removed. ;
+-------------+--------+----------+-------------------------------------------------------------------------------------+


+-------------------------------+
; Elapsed Time Per Partition    ;
+----------------+--------------+
; Partition Name ; Elapsed Time ;
+----------------+--------------+
; Top            ; 00:00:00     ;
+----------------+--------------+


+-------------------------------+
; Analysis & Synthesis Messages ;
+-------------------------------+
Info: *******************************************************************
Info: Running Quartus II 64-Bit Analysis & Synthesis
    Info: Version 13.0.1 Build 232 06/12/2013 Service Pack 1 SJ Web Edition
    Info: Processing started: Fri Oct 20 09:02:34 2017
Info: Command: quartus_map --read_settings_files=on --write_settings_files=off lcd-project2 -c lcd-project2
Warning (20028): Parallel compilation is not licensed and has been disabled
Info (12021): Found 1 design units, including 1 entities, in source file main_tb.v
    Info (12023): Found entity 1: main_tb
Info (12021): Found 1 design units, including 1 entities, in source file main.sv
    Info (12023): Found entity 1: main
Info (12021): Found 1 design units, including 1 entities, in source file lcd_driver.sv
    Info (12023): Found entity 1: lcd_driver
Info (12021): Found 1 design units, including 1 entities, in source file lcd_en_clk.sv
    Info (12023): Found entity 1: lcd_en_clk
Info (12021): Found 1 design units, including 1 entities, in source file rom.sv
    Info (12023): Found entity 1: rom
Warning (10236): Verilog HDL Implicit Net warning at main.sv(18): created implicit net for "init_done"
Info (12127): Elaborating entity "main" for the top level hierarchy
Info (12128): Elaborating entity "lcd_driver" for hierarchy "lcd_driver:lcd"
Warning (10036): Verilog HDL or VHDL warning at lcd_driver.sv(35): object "db_ld" assigned a value but never read
Warning (10036): Verilog HDL or VHDL warning at lcd_driver.sv(36): object "db_rst" assigned a value but never read
Info (12128): Elaborating entity "lcd_en_clk" for hierarchy "lcd_driver:lcd|lcd_en_clk:en_clk"
Info (12128): Elaborating entity "rom" for hierarchy "rom:rom0"
Warning (10030): Net "rom.data_a" at rom.sv(7) has no driver or initial value, using a default initial value '0'
Warning (10030): Net "rom.waddr_a" at rom.sv(7) has no driver or initial value, using a default initial value '0'
Warning (10030): Net "rom.we_a" at rom.sv(7) has no driver or initial value, using a default initial value '0'
Critical Warning (127005): Memory depth (64) in the design file differs from memory depth (35) in the Memory Initialization File "C:/Users/Elias g/projects/lcd-project2/db/lcd-project2.ram0_rom_1d582.hdl.mif" -- setting initial value for remaining addresses to 0
Info (13000): Registers with preset signals will power-up high
Info (13003): DEV_CLRn pin will set, and not reset, register with preset signal due to NOT Gate Push-Back
Warning (13024): Output pins are stuck at VCC or GND
    Warning (13410): Pin "LCD_RW" is stuck at GND
Info (17049): 3 registers lost all their fanouts during netlist optimizations.
Info (16010): Generating hard_block partition "hard_block:auto_generated_inst"
    Info (16011): Adding 0 node(s), including 0 DDIO, 0 PLL, 0 transceiver and 0 LCELL
Info (21057): Implemented 119 device resources after synthesis - the final resource count might be different
    Info (21058): Implemented 3 input pins
    Info (21059): Implemented 12 output pins
    Info (21061): Implemented 104 logic cells
Info: Quartus II 64-Bit Analysis & Synthesis was successful. 0 errors, 10 warnings
    Info: Peak virtual memory: 489 megabytes
    Info: Processing ended: Fri Oct 20 09:02:35 2017
    Info: Elapsed time: 00:00:01
    Info: Total CPU time (on all processors): 00:00:01


